{"F:\\Faizan\\N-react\\chapter12\\src\\component\\Contact.js": {"path":"F:\\Faizan\\N-react\\chapter12\\src\\component\\Contact.js","statementMap":{"0":{"start":{"line":3,"column":16},"end":{"line":24,"column":1}},"1":{"start":{"line":4,"column":2},"end":{"line":23,"column":4}}},"fnMap":{"0":{"name":"(anonymous_0)","decl":{"start":{"line":3,"column":16},"end":{"line":3,"column":17}},"loc":{"start":{"line":3,"column":22},"end":{"line":24,"column":1}},"line":3}},"branchMap":{},"s":{"0":1,"1":2},"f":{"0":2},"b":{},"_coverageSchema":"1a1c01bbd47fc00a2c39e90264f33305004495a9","hash":"b0e3189474116f8f4c78b8bced1f1021eba04581"}
,"F:\\Faizan\\N-react\\chapter12\\src\\component\\Header.js": {"path":"F:\\Faizan\\N-react\\chapter12\\src\\component\\Header.js","statementMap":{"0":{"start":{"line":9,"column":15},"end":{"line":63,"column":1}},"1":{"start":{"line":11,"column":42},"end":{"line":11,"column":59}},"2":{"start":{"line":13,"column":23},"end":{"line":13,"column":40}},"3":{"start":{"line":15,"column":27},"end":{"line":15,"column":50}},"4":{"start":{"line":18,"column":20},"end":{"line":18,"column":61}},"5":{"start":{"line":18,"column":43},"end":{"line":18,"column":60}},"6":{"start":{"line":20,"column":2},"end":{"line":62,"column":4}},"7":{"start":{"line":50,"column":16},"end":{"line":52,"column":44}}},"fnMap":{"0":{"name":"(anonymous_0)","decl":{"start":{"line":9,"column":15},"end":{"line":9,"column":16}},"loc":{"start":{"line":9,"column":21},"end":{"line":63,"column":1}},"line":9},"1":{"name":"(anonymous_1)","decl":{"start":{"line":18,"column":32},"end":{"line":18,"column":33}},"loc":{"start":{"line":18,"column":43},"end":{"line":18,"column":60}},"line":18},"2":{"name":"(anonymous_2)","decl":{"start":{"line":49,"column":23},"end":{"line":49,"column":24}},"loc":{"start":{"line":50,"column":16},"end":{"line":52,"column":44}},"line":50}},"branchMap":{"0":{"loc":{"start":{"line":30,"column":28},"end":{"line":30,"column":63}},"type":"cond-expr","locations":[{"start":{"line":30,"column":43},"end":{"line":30,"column":51}},{"start":{"line":30,"column":54},"end":{"line":30,"column":63}}],"line":30},"1":{"loc":{"start":{"line":50,"column":16},"end":{"line":52,"column":44}},"type":"cond-expr","locations":[{"start":{"line":51,"column":20},"end":{"line":51,"column":45}},{"start":{"line":52,"column":20},"end":{"line":52,"column":44}}],"line":50}},"s":{"0":1,"1":5,"2":5,"3":5,"4":5,"5":9,"6":5,"7":1},"f":{"0":5,"1":9,"2":1},"b":{"0":[5,0],"1":[1,0]},"_coverageSchema":"1a1c01bbd47fc00a2c39e90264f33305004495a9","hash":"0f9784c9506d3a67d21f60d5ec7a0e267757b476"}
,"F:\\Faizan\\N-react\\chapter12\\src\\component\\sum.js": {"path":"F:\\Faizan\\N-react\\chapter12\\src\\component\\sum.js","statementMap":{"0":{"start":{"line":1,"column":19},"end":{"line":3,"column":1}},"1":{"start":{"line":2,"column":2},"end":{"line":2,"column":15}}},"fnMap":{"0":{"name":"(anonymous_0)","decl":{"start":{"line":1,"column":19},"end":{"line":1,"column":20}},"loc":{"start":{"line":1,"column":29},"end":{"line":3,"column":1}},"line":1}},"branchMap":{},"s":{"0":1,"1":1},"f":{"0":1},"b":{},"_coverageSchema":"1a1c01bbd47fc00a2c39e90264f33305004495a9","hash":"eaae48d83c9981482a2a9662f0d913213af6311f"}
,"F:\\Faizan\\N-react\\chapter12\\src\\utils\\UserContext.js": {"path":"F:\\Faizan\\N-react\\chapter12\\src\\utils\\UserContext.js","statementMap":{"0":{"start":{"line":3,"column":20},"end":{"line":5,"column":2}}},"fnMap":{},"branchMap":{},"s":{"0":1},"f":{},"b":{},"_coverageSchema":"1a1c01bbd47fc00a2c39e90264f33305004495a9","hash":"bd350534049a88cd97aa2bbf65b48ac74455db89"}
,"F:\\Faizan\\N-react\\chapter12\\src\\utils\\appStore.js": {"path":"F:\\Faizan\\N-react\\chapter12\\src\\utils\\appStore.js","statementMap":{"0":{"start":{"line":4,"column":17},"end":{"line":8,"column":2}}},"fnMap":{},"branchMap":{},"s":{"0":1},"f":{},"b":{},"_coverageSchema":"1a1c01bbd47fc00a2c39e90264f33305004495a9","hash":"b5018b0bf8e533c08e9273d307be1d477833f424"}
,"F:\\Faizan\\N-react\\chapter12\\src\\utils\\cartSlice.js": {"path":"F:\\Faizan\\N-react\\chapter12\\src\\utils\\cartSlice.js","statementMap":{"0":{"start":{"line":3,"column":18},"end":{"line":22,"column":2}},"1":{"start":{"line":11,"column":6},"end":{"line":11,"column":38}},"2":{"start":{"line":14,"column":6},"end":{"line":14,"column":23}},"3":{"start":{"line":19,"column":6},"end":{"line":19,"column":26}},"4":{"start":{"line":24,"column":48},"end":{"line":24,"column":65}}},"fnMap":{"0":{"name":"(anonymous_0)","decl":{"start":{"line":9,"column":13},"end":{"line":9,"column":14}},"loc":{"start":{"line":9,"column":32},"end":{"line":12,"column":5}},"line":9},"1":{"name":"(anonymous_1)","decl":{"start":{"line":13,"column":16},"end":{"line":13,"column":17}},"loc":{"start":{"line":13,"column":35},"end":{"line":15,"column":5}},"line":13},"2":{"name":"(anonymous_2)","decl":{"start":{"line":16,"column":15},"end":{"line":16,"column":16}},"loc":{"start":{"line":16,"column":34},"end":{"line":20,"column":5}},"line":16}},"branchMap":{},"s":{"0":1,"1":0,"2":0,"3":0,"4":1},"f":{"0":0,"1":0,"2":0},"b":{},"_coverageSchema":"1a1c01bbd47fc00a2c39e90264f33305004495a9","hash":"745e750020e99db8a54f2d1bfb688d7202a7066b"}
,"F:\\Faizan\\N-react\\chapter12\\src\\utils\\constant.js": {"path":"F:\\Faizan\\N-react\\chapter12\\src\\utils\\constant.js","statementMap":{"0":{"start":{"line":2,"column":2},"end":{"line":2,"column":85}},"1":{"start":{"line":5,"column":2},"end":{"line":5,"column":69}},"2":{"start":{"line":8,"column":2},"end":{"line":8,"column":132}}},"fnMap":{},"branchMap":{},"s":{"0":1,"1":1,"2":1},"f":{},"b":{},"_coverageSchema":"1a1c01bbd47fc00a2c39e90264f33305004495a9","hash":"1be580bed79b92ead75a75f6a5e9d7d2d179b7d7"}
,"F:\\Faizan\\N-react\\chapter12\\src\\utils\\useOnlineStatus.js": {"path":"F:\\Faizan\\N-react\\chapter12\\src\\utils\\useOnlineStatus.js","statementMap":{"0":{"start":{"line":3,"column":24},"end":{"line":17,"column":1}},"1":{"start":{"line":4,"column":44},"end":{"line":4,"column":58}},"2":{"start":{"line":6,"column":4},"end":{"line":14,"column":10}},"3":{"start":{"line":7,"column":8},"end":{"line":9,"column":10}},"4":{"start":{"line":8,"column":12},"end":{"line":8,"column":34}},"5":{"start":{"line":11,"column":8},"end":{"line":13,"column":11}},"6":{"start":{"line":12,"column":12},"end":{"line":12,"column":34}},"7":{"start":{"line":16,"column":4},"end":{"line":16,"column":23}}},"fnMap":{"0":{"name":"(anonymous_0)","decl":{"start":{"line":3,"column":24},"end":{"line":3,"column":25}},"loc":{"start":{"line":3,"column":29},"end":{"line":17,"column":1}},"line":3},"1":{"name":"(anonymous_1)","decl":{"start":{"line":6,"column":14},"end":{"line":6,"column":15}},"loc":{"start":{"line":6,"column":20},"end":{"line":14,"column":5}},"line":6},"2":{"name":"(anonymous_2)","decl":{"start":{"line":7,"column":43},"end":{"line":7,"column":44}},"loc":{"start":{"line":7,"column":48},"end":{"line":9,"column":9}},"line":7},"3":{"name":"(anonymous_3)","decl":{"start":{"line":11,"column":42},"end":{"line":11,"column":43}},"loc":{"start":{"line":11,"column":48},"end":{"line":13,"column":9}},"line":11}},"branchMap":{},"s":{"0":1,"1":5,"2":5,"3":4,"4":0,"5":4,"6":0,"7":5},"f":{"0":5,"1":4,"2":0,"3":0},"b":{},"_coverageSchema":"1a1c01bbd47fc00a2c39e90264f33305004495a9","hash":"d8dee724af2bd7f4b20c3a1218da8ec9a8424216"}
}
